<?xml version="1.0" encoding="UTF-8"?>
<!-- Generated by org.testng.reporters.JUnitXMLReporter -->
<testsuite hostname="ad-PC" name="Default test" tests="2" failures="0" timestamp="22 Mar 2014 20:50:10 GMT" time="0.134" errors="0">
  <testcase name="@BeforeClass setup" time="0.0" classname="com.wellsfargo.test.HomeLendingTests">
    <failure type="org.testng.TestNGException" message="
Parameter &amp;apos;remoteBrowserType&amp;apos; is required by @Configuration on method setup but has not been marked @Optional or defined
in C:\Users\ad\AppData\Local\Temp\testng-eclipse--2089569805\testng-customsuite.xml">
      <![CDATA[org.testng.TestNGException: 
Parameter 'remoteBrowserType' is required by @Configuration on method setup but has not been marked @Optional or defined
in C:\Users\ad\AppData\Local\Temp\testng-eclipse--2089569805\testng-customsuite.xml
	at org.testng.internal.Parameters.createParameters(Parameters.java:155)
	at org.testng.internal.Parameters.createParameters(Parameters.java:358)
	at org.testng.internal.Parameters.createConfigurationParameters(Parameters.java:86)
	at org.testng.internal.Invoker.invokeConfigurations(Invoker.java:199)
	at org.testng.internal.Invoker.invokeConfigurations(Invoker.java:138)
	at org.testng.internal.TestMethodWorker.invokeBeforeClassMethods(TestMethodWorker.java:175)
	at org.testng.internal.TestMethodWorker.run(TestMethodWorker.java:107)
	at org.testng.TestRunner.privateRun(TestRunner.java:767)
	at org.testng.TestRunner.run(TestRunner.java:617)
	at org.testng.SuiteRunner.runTest(SuiteRunner.java:334)
	at org.testng.SuiteRunner.runSequentially(SuiteRunner.java:329)
	at org.testng.SuiteRunner.privateRun(SuiteRunner.java:291)
	at org.testng.SuiteRunner.run(SuiteRunner.java:240)
	at org.testng.SuiteRunnerWorker.runSuite(SuiteRunnerWorker.java:52)
	at org.testng.SuiteRunnerWorker.run(SuiteRunnerWorker.java:86)
	at org.testng.TestNG.runSuitesSequentially(TestNG.java:1224)
	at org.testng.TestNG.runSuitesLocally(TestNG.java:1149)
	at org.testng.TestNG.run(TestNG.java:1057)
	at org.testng.remote.RemoteTestNG.run(RemoteTestNG.java:111)
	at org.testng.remote.RemoteTestNG.initAndRun(RemoteTestNG.java:204)
	at org.testng.remote.RemoteTestNG.main(RemoteTestNG.java:175)
]]>
    </failure>
  </testcase> <!-- @BeforeClass setup -->
  <testcase name="@BeforeMethod navigate" time="0.0" classname="com.wellsfargo.test.HomeLendingTests">
    <skipped/>
  </testcase> <!-- @BeforeMethod navigate -->
  <testcase name="@AfterMethod browserWait" time="0.0" classname="com.wellsfargo.test.HomeLendingTests">
    <skipped/>
  </testcase> <!-- @AfterMethod browserWait -->
  <testcase name="@BeforeMethod navigate" time="0.0" classname="com.wellsfargo.test.HomeLendingTests">
    <skipped/>
  </testcase> <!-- @BeforeMethod navigate -->
  <testcase name="@AfterMethod browserWait" time="0.0" classname="com.wellsfargo.test.HomeLendingTests">
    <skipped/>
  </testcase> <!-- @AfterMethod browserWait -->
  <testcase name="@AfterClass tearDown" time="0.0" classname="com.wellsfargo.test.HomeLendingTests">
    <failure type="java.lang.NullPointerException">
      <![CDATA[java.lang.NullPointerException
	at com.wellsfargo.common.CommonMethods.quitBrowser(CommonMethods.java:52)
	at com.wellsfargo.test.HomeLendingTests.tearDown(HomeLendingTests.java:56)
	at sun.reflect.NativeMethodAccessorImpl.invoke0(Native Method)
	at sun.reflect.NativeMethodAccessorImpl.invoke(Unknown Source)
	at sun.reflect.DelegatingMethodAccessorImpl.invoke(Unknown Source)
	at java.lang.reflect.Method.invoke(Unknown Source)
	at org.testng.internal.MethodInvocationHelper.invokeMethod(MethodInvocationHelper.java:84)
	at org.testng.internal.Invoker.invokeConfigurationMethod(Invoker.java:564)
	at org.testng.internal.Invoker.invokeConfigurations(Invoker.java:213)
	at org.testng.internal.Invoker.invokeConfigurations(Invoker.java:138)
	at org.testng.internal.TestMethodWorker.invokeAfterClassMethods(TestMethodWorker.java:225)
	at org.testng.internal.TestMethodWorker.run(TestMethodWorker.java:114)
	at org.testng.TestRunner.privateRun(TestRunner.java:767)
	at org.testng.TestRunner.run(TestRunner.java:617)
	at org.testng.SuiteRunner.runTest(SuiteRunner.java:334)
	at org.testng.SuiteRunner.runSequentially(SuiteRunner.java:329)
	at org.testng.SuiteRunner.privateRun(SuiteRunner.java:291)
	at org.testng.SuiteRunner.run(SuiteRunner.java:240)
	at org.testng.SuiteRunnerWorker.runSuite(SuiteRunnerWorker.java:52)
	at org.testng.SuiteRunnerWorker.run(SuiteRunnerWorker.java:86)
	at org.testng.TestNG.runSuitesSequentially(TestNG.java:1224)
	at org.testng.TestNG.runSuitesLocally(TestNG.java:1149)
	at org.testng.TestNG.run(TestNG.java:1057)
	at org.testng.remote.RemoteTestNG.run(RemoteTestNG.java:111)
	at org.testng.remote.RemoteTestNG.initAndRun(RemoteTestNG.java:204)
	at org.testng.remote.RemoteTestNG.main(RemoteTestNG.java:175)
]]>
    </failure>
  </testcase> <!-- @AfterClass tearDown -->
  <testcase name="testHomeLending" time="0.011" classname="com.wellsfargo.test.HomeLendingTests">
    <skipped/>
  </testcase> <!-- testHomeLending -->
  <testcase name="testHomePage" time="0.008" classname="com.wellsfargo.test.HomeLendingTests">
    <skipped/>
  </testcase> <!-- testHomePage -->
</testsuite> <!-- Default test -->
